Determining if the pthread_create exist failed with the following output:
Change Dir: /RI/turtle_spiral/build/CMakeFiles/CMakeTmp

Run Build Command:"/usr/bin/make" "cmTC_b1a00/fast"
make: Warning: File 'Makefile' has modification time 1 s in the future
/usr/bin/make -f CMakeFiles/cmTC_b1a00.dir/build.make CMakeFiles/cmTC_b1a00.dir/build
make[1]: Entering directory '/RI/turtle_spiral/build/CMakeFiles/CMakeTmp'
make[1]: Warning: File 'CMakeFiles/cmTC_b1a00.dir/flags.make' has modification time 0.98 s in the future
Building C object CMakeFiles/cmTC_b1a00.dir/CheckSymbolExists.c.o
/usr/bin/cc    -o CMakeFiles/cmTC_b1a00.dir/CheckSymbolExists.c.o   -c /RI/turtle_spiral/build/CMakeFiles/CMakeTmp/CheckSymbolExists.c
Linking C executable cmTC_b1a00
/usr/bin/cmake -E cmake_link_script CMakeFiles/cmTC_b1a00.dir/link.txt --verbose=1
/usr/bin/cc      -rdynamic CMakeFiles/cmTC_b1a00.dir/CheckSymbolExists.c.o  -o cmTC_b1a00 
/usr/bin/ld: CMakeFiles/cmTC_b1a00.dir/CheckSymbolExists.c.o: in function `main':
CheckSymbolExists.c:(.text+0x1b): undefined reference to `pthread_create'
collect2: error: ld returned 1 exit status
make[1]: *** [CMakeFiles/cmTC_b1a00.dir/build.make:87: cmTC_b1a00] Error 1
make[1]: Leaving directory '/RI/turtle_spiral/build/CMakeFiles/CMakeTmp'
make: *** [Makefile:121: cmTC_b1a00/fast] Error 2

File /RI/turtle_spiral/build/CMakeFiles/CMakeTmp/CheckSymbolExists.c:
/* */
#include <pthread.h>

int main(int argc, char** argv)
{
  (void)argv;
#ifndef pthread_create
  return ((int*)(&pthread_create))[argc];
#else
  (void)argc;
  return 0;
#endif
}

Determining if the function pthread_create exists in the pthreads failed with the following output:
Change Dir: /RI/turtle_spiral/build/CMakeFiles/CMakeTmp

Run Build Command:"/usr/bin/make" "cmTC_d8490/fast"
make: Warning: File 'Makefile' has modification time 1 s in the future
/usr/bin/make -f CMakeFiles/cmTC_d8490.dir/build.make CMakeFiles/cmTC_d8490.dir/build
make[1]: Entering directory '/RI/turtle_spiral/build/CMakeFiles/CMakeTmp'
make[1]: Warning: File 'CMakeFiles/cmTC_d8490.dir/flags.make' has modification time 0.99 s in the future
Building C object CMakeFiles/cmTC_d8490.dir/CheckFunctionExists.c.o
/usr/bin/cc   -DCHECK_FUNCTION_EXISTS=pthread_create   -o CMakeFiles/cmTC_d8490.dir/CheckFunctionExists.c.o   -c /usr/share/cmake-3.13/Modules/CheckFunctionExists.c
Linking C executable cmTC_d8490
/usr/bin/cmake -E cmake_link_script CMakeFiles/cmTC_d8490.dir/link.txt --verbose=1
/usr/bin/cc  -DCHECK_FUNCTION_EXISTS=pthread_create    -rdynamic CMakeFiles/cmTC_d8490.dir/CheckFunctionExists.c.o  -o cmTC_d8490 -lpthreads 
/usr/bin/ld: cannot find -lpthreads
collect2: error: ld returned 1 exit status
make[1]: *** [CMakeFiles/cmTC_d8490.dir/build.make:87: cmTC_d8490] Error 1
make[1]: Leaving directory '/RI/turtle_spiral/build/CMakeFiles/CMakeTmp'
make: *** [Makefile:121: cmTC_d8490/fast] Error 2


